TN:
SF:/Users/WilliamRoy 1/columbia/GitHub/cra-express-travis-ci/server.js
FN:30,(anonymous_0)
FN:41,(anonymous_1)
FNF:2
FNH:1
FNDA:0,(anonymous_0)
FNDA:1,(anonymous_1)
DA:1,1
DA:2,1
DA:3,1
DA:4,1
DA:5,1
DA:12,1
DA:14,1
DA:16,1
DA:17,1
DA:19,1
DA:22,1
DA:25,1
DA:26,0
DA:30,1
DA:41,1
DA:42,1
DA:47,1
LF:17
LH:16
BRDA:19,0,0,1
BRDA:19,0,1,1
BRDA:25,1,0,0
BRDA:25,1,1,1
BRF:4
BRH:3
end_of_record
TN:
SF:/Users/WilliamRoy 1/columbia/GitHub/cra-express-travis-ci/config/config.js
FNF:0
FNH:0
DA:1,3
DA:3,3
LF:2
LH:2
BRF:0
BRH:0
end_of_record
TN:
SF:/Users/WilliamRoy 1/columbia/GitHub/cra-express-travis-ci/controllers/RecordController.js
FN:10,(anonymous_0)
FN:25,(anonymous_1)
FN:41,(anonymous_2)
FN:62,(anonymous_3)
FN:85,(anonymous_4)
FNF:5
FNH:5
FNDA:1,(anonymous_0)
FNDA:2,(anonymous_1)
FNDA:3,(anonymous_2)
FNDA:3,(anonymous_3)
FNDA:3,(anonymous_4)
DA:4,1
DA:5,1
DA:7,1
DA:11,1
DA:12,1
DA:13,1
DA:14,1
DA:16,0
DA:18,1
DA:20,0
DA:21,0
DA:26,2
DA:27,1
DA:28,1
DA:30,1
DA:31,1
DA:32,1
DA:33,1
DA:34,1
DA:36,0
DA:37,0
DA:42,3
DA:43,3
DA:44,3
DA:45,1
DA:46,1
DA:48,2
DA:49,2
DA:50,2
DA:51,1
DA:53,1
DA:55,2
DA:57,0
DA:58,0
DA:63,3
DA:65,3
DA:66,1
DA:67,1
DA:70,2
DA:71,2
DA:73,2
DA:74,1
DA:76,1
DA:78,2
DA:80,0
DA:81,0
DA:86,3
DA:88,3
DA:89,1
DA:90,1
DA:93,2
DA:94,2
DA:96,2
DA:97,1
DA:99,1
DA:101,2
DA:103,0
DA:104,0
DA:110,1
LF:59
LH:48
BRDA:13,0,0,1
BRDA:13,0,1,0
BRDA:26,1,0,1
BRDA:26,1,1,1
BRDA:26,2,0,2
BRDA:26,2,1,1
BRDA:26,2,2,1
BRDA:44,3,0,1
BRDA:44,3,1,2
BRDA:50,4,0,1
BRDA:50,4,1,1
BRDA:65,5,0,1
BRDA:65,5,1,2
BRDA:73,6,0,1
BRDA:73,6,1,1
BRDA:88,7,0,1
BRDA:88,7,1,2
BRDA:96,8,0,1
BRDA:96,8,1,1
BRF:19
BRH:18
end_of_record
TN:
SF:/Users/WilliamRoy 1/columbia/GitHub/cra-express-travis-ci/migrations/create-record.js
FN:2,(anonymous_0)
FN:32,(anonymous_1)
FNF:2
FNH:2
FNDA:1,(anonymous_0)
FNDA:1,(anonymous_1)
DA:1,2
DA:3,1
DA:33,1
LF:3
LH:3
BRF:0
BRH:0
end_of_record
TN:
SF:/Users/WilliamRoy 1/columbia/GitHub/cra-express-travis-ci/models/index.js
FN:47,(anonymous_0)
FN:51,(anonymous_1)
FN:56,(anonymous_2)
FNF:3
FNH:3
FNDA:2,(anonymous_0)
FNDA:1,(anonymous_1)
FNDA:1,(anonymous_2)
DA:6,1
DA:7,1
DA:8,1
DA:9,1
DA:11,1
DA:12,1
DA:14,1
DA:16,1
DA:18,1
DA:21,1
DA:22,0
DA:25,0
DA:40,1
DA:45,1
DA:48,2
DA:52,1
DA:53,1
DA:56,1
DA:57,1
DA:58,0
DA:62,1
DA:63,1
DA:66,1
LF:23
LH:20
BRDA:12,0,0,1
BRDA:12,0,1,0
BRDA:21,1,0,0
BRDA:21,1,1,1
BRDA:48,2,0,2
BRDA:48,2,1,2
BRDA:48,2,2,1
BRDA:57,3,0,0
BRDA:57,3,1,1
BRF:9
BRH:6
end_of_record
TN:
SF:/Users/WilliamRoy 1/columbia/GitHub/cra-express-travis-ci/models/record.js
FN:1,(anonymous_0)
FNF:1
FNH:1
FNDA:1,(anonymous_0)
DA:1,1
DA:2,1
DA:16,1
LF:3
LH:3
BRF:0
BRH:0
end_of_record
TN:
SF:/Users/WilliamRoy 1/columbia/GitHub/cra-express-travis-ci/routes/RecordRoutes.js
FNF:0
FNH:0
DA:3,1
DA:4,1
DA:6,1
DA:7,1
DA:8,1
DA:9,1
DA:10,1
DA:13,1
LF:8
LH:8
BRF:0
BRH:0
end_of_record
TN:
SF:/Users/WilliamRoy 1/columbia/GitHub/cra-express-travis-ci/services/RecordService.js
FN:6,(anonymous_0)
FN:14,(anonymous_1)
FN:22,(anonymous_2)
FN:39,(anonymous_3)
FN:51,(anonymous_4)
FNF:5
FNH:5
FNDA:1,(anonymous_0)
FNDA:1,(anonymous_1)
FNDA:2,(anonymous_2)
FNDA:2,(anonymous_3)
FNDA:2,(anonymous_4)
DA:3,1
DA:7,1
DA:8,1
DA:10,0
DA:15,1
DA:16,1
DA:18,0
DA:23,2
DA:24,2
DA:28,2
DA:29,1
DA:31,1
DA:33,1
DA:35,0
DA:40,2
DA:41,2
DA:45,2
DA:47,0
DA:52,2
DA:53,2
DA:55,2
DA:56,1
DA:59,1
DA:61,1
DA:63,0
DA:69,1
LF:26
LH:21
BRDA:28,0,0,1
BRDA:28,0,1,1
BRDA:55,1,0,1
BRDA:55,1,1,1
BRF:4
BRH:4
end_of_record
TN:
SF:/Users/WilliamRoy 1/columbia/GitHub/cra-express-travis-ci/utils/Utils.js
FN:3,(anonymous_0)
FN:10,(anonymous_1)
FN:17,(anonymous_2)
FN:23,(anonymous_3)
FNF:4
FNH:4
FNDA:1,(anonymous_0)
FNDA:5,(anonymous_1)
FNDA:7,(anonymous_2)
FNDA:12,(anonymous_3)
DA:2,1
DA:4,1
DA:5,1
DA:6,1
DA:7,1
DA:11,5
DA:12,5
DA:13,5
DA:14,5
DA:18,7
DA:19,7
DA:20,7
DA:24,12
DA:30,12
DA:31,5
DA:33,7
LF:16
LH:16
BRDA:30,0,0,5
BRDA:30,0,1,7
BRF:2
BRH:2
end_of_record
